{"/home/hwidong/codes/ceal-cli/packages/ceal-client/src/enrollment-client.ts": {"path":"/home/hwidong/codes/ceal-cli/packages/ceal-client/src/enrollment-client.ts","all":false,"statementMap":{"0":{"start":{"line":1,"column":0},"end":{"line":1,"column":133}},"1":{"start":{"line":2,"column":0},"end":{"line":2,"column":51}},"2":{"start":{"line":3,"column":0},"end":{"line":3,"column":0}},"3":{"start":{"line":4,"column":0},"end":{"line":4,"column":39}},"4":{"start":{"line":5,"column":0},"end":{"line":5,"column":57}},"5":{"start":{"line":6,"column":0},"end":{"line":6,"column":1}},"6":{"start":{"line":7,"column":0},"end":{"line":7,"column":0}},"7":{"start":{"line":8,"column":0},"end":{"line":8,"column":52}},"8":{"start":{"line":9,"column":0},"end":{"line":9,"column":24}},"9":{"start":{"line":10,"column":0},"end":{"line":10,"column":35}},"10":{"start":{"line":11,"column":0},"end":{"line":11,"column":20}},"11":{"start":{"line":12,"column":0},"end":{"line":12,"column":1}},"12":{"start":{"line":13,"column":0},"end":{"line":13,"column":0}},"13":{"start":{"line":14,"column":0},"end":{"line":14,"column":54}},"14":{"start":{"line":15,"column":0},"end":{"line":15,"column":54}},"15":{"start":{"line":16,"column":0},"end":{"line":16,"column":114}},"16":{"start":{"line":17,"column":0},"end":{"line":17,"column":57}},"17":{"start":{"line":18,"column":0},"end":{"line":18,"column":2}},"18":{"start":{"line":19,"column":0},"end":{"line":19,"column":1}},"19":{"start":{"line":20,"column":0},"end":{"line":20,"column":0}},"20":{"start":{"line":21,"column":0},"end":{"line":21,"column":37}},"21":{"start":{"line":22,"column":0},"end":{"line":22,"column":0}},"22":{"start":{"line":23,"column":0},"end":{"line":23,"column":110}},"23":{"start":{"line":24,"column":0},"end":{"line":24,"column":55}},"24":{"start":{"line":25,"column":0},"end":{"line":25,"column":53}},"25":{"start":{"line":26,"column":0},"end":{"line":26,"column":97}},"26":{"start":{"line":27,"column":0},"end":{"line":27,"column":47}},"27":{"start":{"line":28,"column":0},"end":{"line":28,"column":80}},"28":{"start":{"line":29,"column":0},"end":{"line":29,"column":63}},"29":{"start":{"line":30,"column":0},"end":{"line":30,"column":2}},"30":{"start":{"line":31,"column":0},"end":{"line":31,"column":9}},"31":{"start":{"line":32,"column":0},"end":{"line":32,"column":24}},"32":{"start":{"line":33,"column":0},"end":{"line":33,"column":108}},"33":{"start":{"line":34,"column":0},"end":{"line":34,"column":44}},"34":{"start":{"line":35,"column":0},"end":{"line":35,"column":65}},"35":{"start":{"line":36,"column":0},"end":{"line":36,"column":8}},"36":{"start":{"line":37,"column":0},"end":{"line":37,"column":46}},"37":{"start":{"line":38,"column":0},"end":{"line":38,"column":20}},"38":{"start":{"line":39,"column":0},"end":{"line":39,"column":81}},"39":{"start":{"line":40,"column":0},"end":{"line":40,"column":27}},"40":{"start":{"line":41,"column":0},"end":{"line":41,"column":54}},"41":{"start":{"line":42,"column":0},"end":{"line":42,"column":11}},"42":{"start":{"line":43,"column":0},"end":{"line":43,"column":61}},"43":{"start":{"line":44,"column":0},"end":{"line":44,"column":8}},"44":{"start":{"line":45,"column":0},"end":{"line":45,"column":23}},"45":{"start":{"line":46,"column":0},"end":{"line":46,"column":31}},"46":{"start":{"line":47,"column":0},"end":{"line":47,"column":7}},"47":{"start":{"line":48,"column":0},"end":{"line":48,"column":46}},"48":{"start":{"line":49,"column":0},"end":{"line":49,"column":111}},"49":{"start":{"line":50,"column":0},"end":{"line":50,"column":24}},"50":{"start":{"line":51,"column":0},"end":{"line":51,"column":9}},"51":{"start":{"line":52,"column":0},"end":{"line":52,"column":82}},"52":{"start":{"line":53,"column":0},"end":{"line":53,"column":13}},"53":{"start":{"line":54,"column":0},"end":{"line":54,"column":23}},"54":{"start":{"line":55,"column":0},"end":{"line":55,"column":5}},"55":{"start":{"line":56,"column":0},"end":{"line":56,"column":9}},"56":{"start":{"line":57,"column":0},"end":{"line":57,"column":49}},"57":{"start":{"line":58,"column":0},"end":{"line":58,"column":13}},"58":{"start":{"line":59,"column":0},"end":{"line":59,"column":23}},"59":{"start":{"line":60,"column":0},"end":{"line":60,"column":5}},"60":{"start":{"line":61,"column":0},"end":{"line":61,"column":20}},"61":{"start":{"line":62,"column":0},"end":{"line":62,"column":64}},"62":{"start":{"line":63,"column":0},"end":{"line":63,"column":90}},"63":{"start":{"line":64,"column":0},"end":{"line":64,"column":58}},"64":{"start":{"line":65,"column":0},"end":{"line":65,"column":14}},"65":{"start":{"line":66,"column":0},"end":{"line":66,"column":24}},"66":{"start":{"line":67,"column":0},"end":{"line":67,"column":4}},"67":{"start":{"line":68,"column":0},"end":{"line":68,"column":4}},"68":{"start":{"line":69,"column":0},"end":{"line":69,"column":3}},"69":{"start":{"line":70,"column":0},"end":{"line":70,"column":1}},"70":{"start":{"line":71,"column":0},"end":{"line":71,"column":0}},"71":{"start":{"line":72,"column":0},"end":{"line":72,"column":55}},"72":{"start":{"line":73,"column":0},"end":{"line":73,"column":19}},"73":{"start":{"line":74,"column":0},"end":{"line":74,"column":6}},"74":{"start":{"line":75,"column":0},"end":{"line":75,"column":28}},"75":{"start":{"line":76,"column":0},"end":{"line":76,"column":10}},"76":{"start":{"line":77,"column":0},"end":{"line":77,"column":63}},"77":{"start":{"line":78,"column":0},"end":{"line":78,"column":2}},"78":{"start":{"line":79,"column":0},"end":{"line":79,"column":82}},"79":{"start":{"line":80,"column":0},"end":{"line":80,"column":63}},"80":{"start":{"line":81,"column":0},"end":{"line":81,"column":2}},"81":{"start":{"line":82,"column":0},"end":{"line":82,"column":71}},"82":{"start":{"line":83,"column":0},"end":{"line":83,"column":79}},"83":{"start":{"line":84,"column":0},"end":{"line":84,"column":63}},"84":{"start":{"line":85,"column":0},"end":{"line":85,"column":2}},"85":{"start":{"line":86,"column":0},"end":{"line":86,"column":71}},"86":{"start":{"line":87,"column":0},"end":{"line":87,"column":63}},"87":{"start":{"line":88,"column":0},"end":{"line":88,"column":2}},"88":{"start":{"line":89,"column":0},"end":{"line":89,"column":71}},"89":{"start":{"line":90,"column":0},"end":{"line":90,"column":17}},"90":{"start":{"line":91,"column":0},"end":{"line":91,"column":1}},"91":{"start":{"line":92,"column":0},"end":{"line":92,"column":0}},"92":{"start":{"line":93,"column":0},"end":{"line":93,"column":69}},"93":{"start":{"line":94,"column":0},"end":{"line":94,"column":57}},"94":{"start":{"line":95,"column":0},"end":{"line":95,"column":113}},"95":{"start":{"line":96,"column":0},"end":{"line":96,"column":39}},"96":{"start":{"line":97,"column":0},"end":{"line":97,"column":42}},"97":{"start":{"line":98,"column":0},"end":{"line":98,"column":33}},"98":{"start":{"line":99,"column":0},"end":{"line":99,"column":15}},"99":{"start":{"line":100,"column":0},"end":{"line":100,"column":15}},"100":{"start":{"line":101,"column":0},"end":{"line":101,"column":46}},"101":{"start":{"line":102,"column":0},"end":{"line":102,"column":18}},"102":{"start":{"line":103,"column":0},"end":{"line":103,"column":23}},"103":{"start":{"line":104,"column":0},"end":{"line":104,"column":28}},"104":{"start":{"line":105,"column":0},"end":{"line":105,"column":35}},"105":{"start":{"line":106,"column":0},"end":{"line":106,"column":25}},"106":{"start":{"line":107,"column":0},"end":{"line":107,"column":21}},"107":{"start":{"line":108,"column":0},"end":{"line":108,"column":3}},"108":{"start":{"line":109,"column":0},"end":{"line":109,"column":21}},"109":{"start":{"line":110,"column":0},"end":{"line":110,"column":2}},"110":{"start":{"line":111,"column":0},"end":{"line":111,"column":38}},"111":{"start":{"line":112,"column":0},"end":{"line":112,"column":16}},"112":{"start":{"line":113,"column":0},"end":{"line":113,"column":30}},"113":{"start":{"line":114,"column":0},"end":{"line":114,"column":28}},"114":{"start":{"line":115,"column":0},"end":{"line":115,"column":29}},"115":{"start":{"line":116,"column":0},"end":{"line":116,"column":2}},"116":{"start":{"line":117,"column":0},"end":{"line":117,"column":15}},"117":{"start":{"line":118,"column":0},"end":{"line":118,"column":1}},"118":{"start":{"line":119,"column":0},"end":{"line":119,"column":0}},"119":{"start":{"line":120,"column":0},"end":{"line":120,"column":35}},"120":{"start":{"line":121,"column":0},"end":{"line":121,"column":57}},"121":{"start":{"line":122,"column":0},"end":{"line":122,"column":1}}},"s":{"0":1,"1":1,"2":1,"3":1,"4":1,"5":1,"6":1,"7":1,"8":1,"9":1,"10":1,"11":1,"12":1,"13":1,"14":3,"15":3,"16":3,"17":3,"18":3,"19":1,"20":1,"21":1,"22":1,"23":3,"24":3,"25":3,"26":3,"27":3,"28":0,"29":0,"30":2,"31":2,"32":3,"33":2,"34":2,"35":2,"36":2,"37":2,"38":2,"39":2,"40":2,"41":2,"42":2,"43":2,"44":2,"45":2,"46":2,"47":2,"48":3,"49":2,"50":2,"51":2,"52":3,"53":0,"54":0,"55":2,"56":2,"57":3,"58":1,"59":1,"60":3,"61":1,"62":0,"63":0,"64":3,"65":2,"66":2,"67":2,"68":2,"69":2,"70":1,"71":3,"72":3,"73":3,"74":3,"75":3,"76":0,"77":0,"78":3,"79":0,"80":0,"81":3,"82":3,"83":1,"84":1,"85":3,"86":0,"87":0,"88":2,"89":2,"90":2,"91":1,"92":2,"93":2,"94":2,"95":2,"96":2,"97":2,"98":2,"99":2,"100":4,"101":4,"102":2,"103":2,"104":4,"105":0,"106":0,"107":0,"108":2,"109":2,"110":2,"111":2,"112":2,"113":2,"114":2,"115":2,"116":2,"117":2,"118":1,"119":1,"120":1,"121":1},"branchMap":{"0":{"type":"branch","line":14,"loc":{"start":{"line":14,"column":52},"end":{"line":19,"column":1}},"locations":[{"start":{"line":14,"column":52},"end":{"line":19,"column":1}}]},"1":{"type":"branch","line":16,"loc":{"start":{"line":16,"column":1},"end":{"line":18,"column":2}},"locations":[{"start":{"line":16,"column":1},"end":{"line":18,"column":2}}]},"2":{"type":"branch","line":23,"loc":{"start":{"line":23,"column":6},"end":{"line":70,"column":1}},"locations":[{"start":{"line":23,"column":6},"end":{"line":70,"column":1}}]},"3":{"type":"branch","line":25,"loc":{"start":{"line":25,"column":32},"end":{"line":25,"column":52}},"locations":[{"start":{"line":25,"column":32},"end":{"line":25,"column":52}}]},"4":{"type":"branch","line":26,"loc":{"start":{"line":26,"column":36},"end":{"line":26,"column":97}},"locations":[{"start":{"line":26,"column":36},"end":{"line":26,"column":97}}]},"5":{"type":"branch","line":27,"loc":{"start":{"line":27,"column":-1},"end":{"line":27,"column":46}},"locations":[{"start":{"line":27,"column":-1},"end":{"line":27,"column":46}}]},"6":{"type":"branch","line":28,"loc":{"start":{"line":28,"column":37},"end":{"line":28,"column":54}},"locations":[{"start":{"line":28,"column":37},"end":{"line":28,"column":54}}]},"7":{"type":"branch","line":28,"loc":{"start":{"line":28,"column":54},"end":{"line":28,"column":77}},"locations":[{"start":{"line":28,"column":54},"end":{"line":28,"column":77}}]},"8":{"type":"branch","line":28,"loc":{"start":{"line":28,"column":79},"end":{"line":30,"column":2}},"locations":[{"start":{"line":28,"column":79},"end":{"line":30,"column":2}}]},"9":{"type":"branch","line":31,"loc":{"start":{"line":31,"column":-1},"end":{"line":70,"column":1}},"locations":[{"start":{"line":31,"column":-1},"end":{"line":70,"column":1}}]},"10":{"type":"branch","line":32,"loc":{"start":{"line":32,"column":2},"end":{"line":68,"column":3}},"locations":[{"start":{"line":32,"column":2},"end":{"line":68,"column":3}}]},"11":{"type":"branch","line":33,"loc":{"start":{"line":33,"column":47},"end":{"line":33,"column":108}},"locations":[{"start":{"line":33,"column":47},"end":{"line":33,"column":108}}]},"12":{"type":"branch","line":34,"loc":{"start":{"line":34,"column":-1},"end":{"line":49,"column":58}},"locations":[{"start":{"line":34,"column":-1},"end":{"line":49,"column":58}}]},"13":{"type":"branch","line":49,"loc":{"start":{"line":49,"column":93},"end":{"line":49,"column":111}},"locations":[{"start":{"line":49,"column":93},"end":{"line":49,"column":111}}]},"14":{"type":"branch","line":50,"loc":{"start":{"line":50,"column":-1},"end":{"line":53,"column":12}},"locations":[{"start":{"line":50,"column":-1},"end":{"line":53,"column":12}}]},"15":{"type":"branch","line":53,"loc":{"start":{"line":53,"column":6},"end":{"line":55,"column":5}},"locations":[{"start":{"line":53,"column":6},"end":{"line":55,"column":5}}]},"16":{"type":"branch","line":56,"loc":{"start":{"line":56,"column":-1},"end":{"line":58,"column":12}},"locations":[{"start":{"line":56,"column":-1},"end":{"line":58,"column":12}}]},"17":{"type":"branch","line":58,"loc":{"start":{"line":58,"column":6},"end":{"line":60,"column":5}},"locations":[{"start":{"line":58,"column":6},"end":{"line":60,"column":5}}]},"18":{"type":"branch","line":61,"loc":{"start":{"line":61,"column":5},"end":{"line":65,"column":4}},"locations":[{"start":{"line":61,"column":5},"end":{"line":65,"column":4}}]},"19":{"type":"branch","line":63,"loc":{"start":{"line":63,"column":-1},"end":{"line":65,"column":4}},"locations":[{"start":{"line":63,"column":-1},"end":{"line":65,"column":4}}]},"20":{"type":"branch","line":65,"loc":{"start":{"line":65,"column":4},"end":{"line":65,"column":14}},"locations":[{"start":{"line":65,"column":4},"end":{"line":65,"column":14}}]},"21":{"type":"branch","line":65,"loc":{"start":{"line":65,"column":13},"end":{"line":67,"column":4}},"locations":[{"start":{"line":65,"column":13},"end":{"line":67,"column":4}}]},"22":{"type":"branch","line":72,"loc":{"start":{"line":72,"column":0},"end":{"line":91,"column":1}},"locations":[{"start":{"line":72,"column":0},"end":{"line":91,"column":1}}]},"23":{"type":"branch","line":76,"loc":{"start":{"line":76,"column":3},"end":{"line":78,"column":2}},"locations":[{"start":{"line":76,"column":3},"end":{"line":78,"column":2}}]},"24":{"type":"branch","line":79,"loc":{"start":{"line":79,"column":81},"end":{"line":81,"column":2}},"locations":[{"start":{"line":79,"column":81},"end":{"line":81,"column":2}}]},"25":{"type":"branch","line":83,"loc":{"start":{"line":83,"column":34},"end":{"line":83,"column":58}},"locations":[{"start":{"line":83,"column":34},"end":{"line":83,"column":58}}]},"26":{"type":"branch","line":83,"loc":{"start":{"line":83,"column":58},"end":{"line":83,"column":76}},"locations":[{"start":{"line":83,"column":58},"end":{"line":83,"column":76}}]},"27":{"type":"branch","line":83,"loc":{"start":{"line":83,"column":78},"end":{"line":85,"column":2}},"locations":[{"start":{"line":83,"column":78},"end":{"line":85,"column":2}}]},"28":{"type":"branch","line":86,"loc":{"start":{"line":86,"column":-1},"end":{"line":86,"column":38}},"locations":[{"start":{"line":86,"column":-1},"end":{"line":86,"column":38}}]},"29":{"type":"branch","line":86,"loc":{"start":{"line":86,"column":34},"end":{"line":86,"column":68}},"locations":[{"start":{"line":86,"column":34},"end":{"line":86,"column":68}}]},"30":{"type":"branch","line":86,"loc":{"start":{"line":86,"column":70},"end":{"line":88,"column":2}},"locations":[{"start":{"line":86,"column":70},"end":{"line":88,"column":2}}]},"31":{"type":"branch","line":89,"loc":{"start":{"line":89,"column":-1},"end":{"line":91,"column":1}},"locations":[{"start":{"line":89,"column":-1},"end":{"line":91,"column":1}}]},"32":{"type":"branch","line":93,"loc":{"start":{"line":93,"column":0},"end":{"line":118,"column":1}},"locations":[{"start":{"line":93,"column":0},"end":{"line":118,"column":1}}]},"33":{"type":"branch","line":95,"loc":{"start":{"line":95,"column":22},"end":{"line":95,"column":93}},"locations":[{"start":{"line":95,"column":22},"end":{"line":95,"column":93}}]},"34":{"type":"branch","line":95,"loc":{"start":{"line":95,"column":95},"end":{"line":95,"column":113}},"locations":[{"start":{"line":95,"column":95},"end":{"line":95,"column":113}}]},"35":{"type":"branch","line":96,"loc":{"start":{"line":96,"column":21},"end":{"line":96,"column":39}},"locations":[{"start":{"line":96,"column":21},"end":{"line":96,"column":39}}]},"36":{"type":"branch","line":100,"loc":{"start":{"line":100,"column":14},"end":{"line":110,"column":2}},"locations":[{"start":{"line":100,"column":14},"end":{"line":110,"column":2}}]},"37":{"type":"branch","line":102,"loc":{"start":{"line":102,"column":12},"end":{"line":103,"column":23}},"locations":[{"start":{"line":102,"column":12},"end":{"line":103,"column":23}}]},"38":{"type":"branch","line":103,"loc":{"start":{"line":103,"column":14},"end":{"line":103,"column":23}},"locations":[{"start":{"line":103,"column":14},"end":{"line":103,"column":23}}]},"39":{"type":"branch","line":104,"loc":{"start":{"line":104,"column":-1},"end":{"line":105,"column":34}},"locations":[{"start":{"line":104,"column":-1},"end":{"line":105,"column":34}}]},"40":{"type":"branch","line":105,"loc":{"start":{"line":105,"column":34},"end":{"line":108,"column":3}},"locations":[{"start":{"line":105,"column":34},"end":{"line":108,"column":3}}]},"41":{"type":"branch","line":109,"loc":{"start":{"line":109,"column":-1},"end":{"line":110,"column":2}},"locations":[{"start":{"line":109,"column":-1},"end":{"line":110,"column":2}}]},"42":{"type":"branch","line":120,"loc":{"start":{"line":120,"column":0},"end":{"line":122,"column":1}},"locations":[{"start":{"line":120,"column":0},"end":{"line":122,"column":1}}]}},"b":{"0":[3],"1":[3],"2":[3],"3":[1],"4":[0],"5":[2],"6":[2],"7":[2],"8":[0],"9":[2],"10":[3],"11":[1],"12":[2],"13":[0],"14":[2],"15":[0],"16":[2],"17":[1],"18":[1],"19":[0],"20":[0],"21":[2],"22":[3],"23":[0],"24":[0],"25":[2],"26":[1],"27":[1],"28":[2],"29":[1],"30":[0],"31":[2],"32":[2],"33":[0],"34":[0],"35":[0],"36":[4],"37":[2],"38":[0],"39":[2],"40":[0],"41":[2],"42":[1]},"fnMap":{"0":{"name":"<instance_members_initializer>","decl":{"start":{"line":14,"column":52},"end":{"line":19,"column":1}},"loc":{"start":{"line":14,"column":52},"end":{"line":19,"column":1}},"line":14},"1":{"name":"CealEnrollmentClientError","decl":{"start":{"line":16,"column":1},"end":{"line":18,"column":2}},"loc":{"start":{"line":16,"column":1},"end":{"line":18,"column":2}},"line":16},"2":{"name":"createCealEnrollmentClient","decl":{"start":{"line":23,"column":6},"end":{"line":70,"column":1}},"loc":{"start":{"line":23,"column":6},"end":{"line":70,"column":1}},"line":23},"3":{"name":"exchange","decl":{"start":{"line":32,"column":2},"end":{"line":68,"column":3}},"loc":{"start":{"line":32,"column":2},"end":{"line":68,"column":3}},"line":32},"4":{"name":"enrollmentEndpoint","decl":{"start":{"line":72,"column":0},"end":{"line":91,"column":1}},"loc":{"start":{"line":72,"column":0},"end":{"line":91,"column":1}},"line":72},"5":{"name":"readBounded","decl":{"start":{"line":93,"column":0},"end":{"line":118,"column":1}},"loc":{"start":{"line":93,"column":0},"end":{"line":118,"column":1}},"line":93},"6":{"name":"invalidResponse","decl":{"start":{"line":120,"column":0},"end":{"line":122,"column":1}},"loc":{"start":{"line":120,"column":0},"end":{"line":122,"column":1}},"line":120}},"f":{"0":3,"1":3,"2":3,"3":3,"4":3,"5":2,"6":1}}
,"/home/hwidong/codes/ceal-cli/packages/ceal-client/src/personal-client-session-client.ts": {"path":"/home/hwidong/codes/ceal-cli/packages/ceal-client/src/personal-client-session-client.ts","all":false,"statementMap":{"0":{"start":{"line":1,"column":0},"end":{"line":1,"column":8}},"1":{"start":{"line":2,"column":0},"end":{"line":2,"column":36}},"2":{"start":{"line":3,"column":0},"end":{"line":3,"column":35}},"3":{"start":{"line":4,"column":0},"end":{"line":4,"column":32}},"4":{"start":{"line":5,"column":0},"end":{"line":5,"column":31}},"5":{"start":{"line":6,"column":0},"end":{"line":6,"column":33}},"6":{"start":{"line":7,"column":0},"end":{"line":7,"column":32}},"7":{"start":{"line":8,"column":0},"end":{"line":8,"column":33}},"8":{"start":{"line":9,"column":0},"end":{"line":9,"column":51}},"9":{"start":{"line":10,"column":0},"end":{"line":10,"column":0}},"10":{"start":{"line":11,"column":0},"end":{"line":11,"column":50}},"11":{"start":{"line":12,"column":0},"end":{"line":12,"column":67}},"12":{"start":{"line":13,"column":0},"end":{"line":13,"column":65}},"13":{"start":{"line":14,"column":0},"end":{"line":14,"column":1}},"14":{"start":{"line":15,"column":0},"end":{"line":15,"column":0}},"15":{"start":{"line":16,"column":0},"end":{"line":16,"column":63}},"16":{"start":{"line":17,"column":0},"end":{"line":17,"column":24}},"17":{"start":{"line":18,"column":0},"end":{"line":18,"column":35}},"18":{"start":{"line":19,"column":0},"end":{"line":19,"column":20}},"19":{"start":{"line":20,"column":0},"end":{"line":20,"column":1}},"20":{"start":{"line":21,"column":0},"end":{"line":21,"column":0}},"21":{"start":{"line":22,"column":0},"end":{"line":22,"column":59}},"22":{"start":{"line":23,"column":0},"end":{"line":23,"column":59}},"23":{"start":{"line":24,"column":0},"end":{"line":24,"column":114}},"24":{"start":{"line":25,"column":0},"end":{"line":25,"column":70}},"25":{"start":{"line":26,"column":0},"end":{"line":26,"column":2}},"26":{"start":{"line":27,"column":0},"end":{"line":27,"column":1}},"27":{"start":{"line":28,"column":0},"end":{"line":28,"column":0}},"28":{"start":{"line":29,"column":0},"end":{"line":29,"column":37}},"29":{"start":{"line":30,"column":0},"end":{"line":30,"column":58}},"30":{"start":{"line":31,"column":0},"end":{"line":31,"column":0}},"31":{"start":{"line":32,"column":0},"end":{"line":32,"column":54}},"32":{"start":{"line":33,"column":0},"end":{"line":33,"column":55}},"33":{"start":{"line":34,"column":0},"end":{"line":34,"column":36}},"34":{"start":{"line":35,"column":0},"end":{"line":35,"column":49}},"35":{"start":{"line":36,"column":0},"end":{"line":36,"column":53}},"36":{"start":{"line":37,"column":0},"end":{"line":37,"column":102}},"37":{"start":{"line":38,"column":0},"end":{"line":38,"column":47}},"38":{"start":{"line":39,"column":0},"end":{"line":39,"column":80}},"39":{"start":{"line":40,"column":0},"end":{"line":40,"column":68}},"40":{"start":{"line":41,"column":0},"end":{"line":41,"column":2}},"41":{"start":{"line":42,"column":0},"end":{"line":42,"column":9}},"42":{"start":{"line":43,"column":0},"end":{"line":43,"column":28}},"43":{"start":{"line":44,"column":0},"end":{"line":44,"column":19}},"44":{"start":{"line":45,"column":0},"end":{"line":45,"column":49}},"45":{"start":{"line":46,"column":0},"end":{"line":46,"column":12}},"46":{"start":{"line":47,"column":0},"end":{"line":47,"column":14}},"47":{"start":{"line":48,"column":0},"end":{"line":48,"column":17}},"48":{"start":{"line":49,"column":0},"end":{"line":49,"column":11}},"49":{"start":{"line":50,"column":0},"end":{"line":50,"column":56}},"50":{"start":{"line":51,"column":0},"end":{"line":51,"column":33}},"51":{"start":{"line":52,"column":0},"end":{"line":52,"column":60}},"52":{"start":{"line":53,"column":0},"end":{"line":53,"column":6}},"53":{"start":{"line":54,"column":0},"end":{"line":54,"column":44}},"54":{"start":{"line":55,"column":0},"end":{"line":55,"column":6}},"55":{"start":{"line":56,"column":0},"end":{"line":56,"column":27}},"56":{"start":{"line":57,"column":0},"end":{"line":57,"column":19}},"57":{"start":{"line":58,"column":0},"end":{"line":58,"column":48}},"58":{"start":{"line":59,"column":0},"end":{"line":59,"column":12}},"59":{"start":{"line":60,"column":0},"end":{"line":60,"column":14}},"60":{"start":{"line":61,"column":0},"end":{"line":61,"column":17}},"61":{"start":{"line":62,"column":0},"end":{"line":62,"column":93}},"62":{"start":{"line":63,"column":0},"end":{"line":63,"column":43}},"63":{"start":{"line":64,"column":0},"end":{"line":64,"column":6}},"64":{"start":{"line":65,"column":0},"end":{"line":65,"column":3}},"65":{"start":{"line":66,"column":0},"end":{"line":66,"column":1}},"66":{"start":{"line":67,"column":0},"end":{"line":67,"column":0}},"67":{"start":{"line":68,"column":0},"end":{"line":68,"column":41}},"68":{"start":{"line":69,"column":0},"end":{"line":69,"column":15}},"69":{"start":{"line":70,"column":0},"end":{"line":70,"column":34}},"70":{"start":{"line":71,"column":0},"end":{"line":71,"column":19}},"71":{"start":{"line":72,"column":0},"end":{"line":72,"column":22}},"72":{"start":{"line":73,"column":0},"end":{"line":73,"column":31}},"73":{"start":{"line":74,"column":0},"end":{"line":74,"column":31}},"74":{"start":{"line":75,"column":0},"end":{"line":75,"column":16}},"75":{"start":{"line":76,"column":0},"end":{"line":76,"column":112}},"76":{"start":{"line":77,"column":0},"end":{"line":77,"column":42}},"77":{"start":{"line":78,"column":0},"end":{"line":78,"column":69}},"78":{"start":{"line":79,"column":0},"end":{"line":79,"column":6}},"79":{"start":{"line":80,"column":0},"end":{"line":80,"column":56}},"80":{"start":{"line":81,"column":0},"end":{"line":81,"column":18}},"81":{"start":{"line":82,"column":0},"end":{"line":82,"column":79}},"82":{"start":{"line":83,"column":0},"end":{"line":83,"column":36}},"83":{"start":{"line":84,"column":0},"end":{"line":84,"column":21}},"84":{"start":{"line":85,"column":0},"end":{"line":85,"column":29}},"85":{"start":{"line":86,"column":0},"end":{"line":86,"column":5}},"86":{"start":{"line":87,"column":0},"end":{"line":87,"column":44}},"87":{"start":{"line":88,"column":0},"end":{"line":88,"column":109}},"88":{"start":{"line":89,"column":0},"end":{"line":89,"column":22}},"89":{"start":{"line":90,"column":0},"end":{"line":90,"column":7}},"90":{"start":{"line":91,"column":0},"end":{"line":91,"column":80}},"91":{"start":{"line":92,"column":0},"end":{"line":92,"column":11}},"92":{"start":{"line":93,"column":0},"end":{"line":93,"column":21}},"93":{"start":{"line":94,"column":0},"end":{"line":94,"column":3}},"94":{"start":{"line":95,"column":0},"end":{"line":95,"column":7}},"95":{"start":{"line":96,"column":0},"end":{"line":96,"column":31}},"96":{"start":{"line":97,"column":0},"end":{"line":97,"column":11}},"97":{"start":{"line":98,"column":0},"end":{"line":98,"column":21}},"98":{"start":{"line":99,"column":0},"end":{"line":99,"column":3}},"99":{"start":{"line":100,"column":0},"end":{"line":100,"column":18}},"100":{"start":{"line":101,"column":0},"end":{"line":101,"column":67}},"101":{"start":{"line":102,"column":0},"end":{"line":102,"column":93}},"102":{"start":{"line":103,"column":0},"end":{"line":103,"column":61}},"103":{"start":{"line":104,"column":0},"end":{"line":104,"column":12}},"104":{"start":{"line":105,"column":0},"end":{"line":105,"column":22}},"105":{"start":{"line":106,"column":0},"end":{"line":106,"column":2}},"106":{"start":{"line":107,"column":0},"end":{"line":107,"column":1}},"107":{"start":{"line":108,"column":0},"end":{"line":108,"column":0}},"108":{"start":{"line":109,"column":0},"end":{"line":109,"column":49}},"109":{"start":{"line":110,"column":0},"end":{"line":110,"column":19}},"110":{"start":{"line":111,"column":0},"end":{"line":111,"column":6}},"111":{"start":{"line":112,"column":0},"end":{"line":112,"column":28}},"112":{"start":{"line":113,"column":0},"end":{"line":113,"column":10}},"113":{"start":{"line":114,"column":0},"end":{"line":114,"column":68}},"114":{"start":{"line":115,"column":0},"end":{"line":115,"column":2}},"115":{"start":{"line":116,"column":0},"end":{"line":116,"column":71}},"116":{"start":{"line":117,"column":0},"end":{"line":117,"column":5}},"117":{"start":{"line":118,"column":0},"end":{"line":118,"column":22}},"118":{"start":{"line":119,"column":0},"end":{"line":119,"column":22}},"119":{"start":{"line":120,"column":0},"end":{"line":120,"column":20}},"120":{"start":{"line":121,"column":0},"end":{"line":121,"column":18}},"121":{"start":{"line":122,"column":0},"end":{"line":122,"column":78}},"122":{"start":{"line":123,"column":0},"end":{"line":123,"column":67}},"123":{"start":{"line":124,"column":0},"end":{"line":124,"column":4}},"124":{"start":{"line":125,"column":0},"end":{"line":125,"column":68}},"125":{"start":{"line":126,"column":0},"end":{"line":126,"column":2}},"126":{"start":{"line":127,"column":0},"end":{"line":127,"column":17}},"127":{"start":{"line":128,"column":0},"end":{"line":128,"column":1}},"128":{"start":{"line":129,"column":0},"end":{"line":129,"column":0}},"129":{"start":{"line":130,"column":0},"end":{"line":130,"column":74}},"130":{"start":{"line":131,"column":0},"end":{"line":131,"column":34}},"131":{"start":{"line":132,"column":0},"end":{"line":132,"column":70}},"132":{"start":{"line":133,"column":0},"end":{"line":133,"column":15}},"133":{"start":{"line":134,"column":0},"end":{"line":134,"column":1}},"134":{"start":{"line":135,"column":0},"end":{"line":135,"column":0}},"135":{"start":{"line":136,"column":0},"end":{"line":136,"column":69}},"136":{"start":{"line":137,"column":0},"end":{"line":137,"column":57}},"137":{"start":{"line":138,"column":0},"end":{"line":138,"column":113}},"138":{"start":{"line":139,"column":0},"end":{"line":139,"column":39}},"139":{"start":{"line":140,"column":0},"end":{"line":140,"column":42}},"140":{"start":{"line":141,"column":0},"end":{"line":141,"column":33}},"141":{"start":{"line":142,"column":0},"end":{"line":142,"column":15}},"142":{"start":{"line":143,"column":0},"end":{"line":143,"column":15}},"143":{"start":{"line":144,"column":0},"end":{"line":144,"column":46}},"144":{"start":{"line":145,"column":0},"end":{"line":145,"column":18}},"145":{"start":{"line":146,"column":0},"end":{"line":146,"column":23}},"146":{"start":{"line":147,"column":0},"end":{"line":147,"column":28}},"147":{"start":{"line":148,"column":0},"end":{"line":148,"column":35}},"148":{"start":{"line":149,"column":0},"end":{"line":149,"column":25}},"149":{"start":{"line":150,"column":0},"end":{"line":150,"column":21}},"150":{"start":{"line":151,"column":0},"end":{"line":151,"column":3}},"151":{"start":{"line":152,"column":0},"end":{"line":152,"column":21}},"152":{"start":{"line":153,"column":0},"end":{"line":153,"column":2}},"153":{"start":{"line":154,"column":0},"end":{"line":154,"column":38}},"154":{"start":{"line":155,"column":0},"end":{"line":155,"column":16}},"155":{"start":{"line":156,"column":0},"end":{"line":156,"column":30}},"156":{"start":{"line":157,"column":0},"end":{"line":157,"column":28}},"157":{"start":{"line":158,"column":0},"end":{"line":158,"column":29}},"158":{"start":{"line":159,"column":0},"end":{"line":159,"column":2}},"159":{"start":{"line":160,"column":0},"end":{"line":160,"column":15}},"160":{"start":{"line":161,"column":0},"end":{"line":161,"column":1}},"161":{"start":{"line":162,"column":0},"end":{"line":162,"column":0}},"162":{"start":{"line":163,"column":0},"end":{"line":163,"column":35}},"163":{"start":{"line":164,"column":0},"end":{"line":164,"column":62}},"164":{"start":{"line":165,"column":0},"end":{"line":165,"column":1}}},"s":{"0":1,"1":1,"2":1,"3":1,"4":1,"5":1,"6":1,"7":1,"8":1,"9":1,"10":1,"11":1,"12":1,"13":1,"14":1,"15":1,"16":1,"17":1,"18":1,"19":1,"20":1,"21":1,"22":2,"23":2,"24":2,"25":2,"26":2,"27":1,"28":1,"29":1,"30":1,"31":1,"32":3,"33":3,"34":3,"35":3,"36":3,"37":3,"38":3,"39":0,"40":0,"41":2,"42":2,"43":2,"44":2,"45":2,"46":2,"47":2,"48":2,"49":2,"50":2,"51":2,"52":2,"53":2,"54":2,"55":2,"56":1,"57":1,"58":1,"59":1,"60":1,"61":1,"62":1,"63":2,"64":2,"65":2,"66":1,"67":3,"68":3,"69":3,"70":3,"71":3,"72":3,"73":3,"74":3,"75":3,"76":2,"77":2,"78":2,"79":2,"80":2,"81":2,"82":2,"83":2,"84":2,"85":2,"86":2,"87":3,"88":2,"89":2,"90":2,"91":3,"92":0,"93":0,"94":2,"95":2,"96":3,"97":0,"98":0,"99":3,"100":0,"101":0,"102":0,"103":0,"104":2,"105":2,"106":3,"107":1,"108":3,"109":3,"110":3,"111":3,"112":3,"113":0,"114":0,"115":3,"116":3,"117":3,"118":3,"119":3,"120":3,"121":3,"122":2,"123":3,"124":1,"125":1,"126":2,"127":2,"128":1,"129":3,"130":3,"131":3,"132":3,"133":3,"134":1,"135":2,"136":2,"137":2,"138":2,"139":2,"140":2,"141":2,"142":2,"143":4,"144":4,"145":2,"146":2,"147":4,"148":0,"149":0,"150":0,"151":2,"152":2,"153":2,"154":2,"155":2,"156":2,"157":2,"158":2,"159":2,"160":2,"161":1,"162":0,"163":0,"164":0},"branchMap":{"0":{"type":"branch","line":22,"loc":{"start":{"line":22,"column":57},"end":{"line":27,"column":1}},"locations":[{"start":{"line":22,"column":57},"end":{"line":27,"column":1}}]},"1":{"type":"branch","line":24,"loc":{"start":{"line":24,"column":1},"end":{"line":26,"column":2}},"locations":[{"start":{"line":24,"column":1},"end":{"line":26,"column":2}}]},"2":{"type":"branch","line":32,"loc":{"start":{"line":32,"column":6},"end":{"line":66,"column":1}},"locations":[{"start":{"line":32,"column":6},"end":{"line":66,"column":1}}]},"3":{"type":"branch","line":36,"loc":{"start":{"line":36,"column":32},"end":{"line":36,"column":52}},"locations":[{"start":{"line":36,"column":32},"end":{"line":36,"column":52}}]},"4":{"type":"branch","line":37,"loc":{"start":{"line":37,"column":36},"end":{"line":37,"column":102}},"locations":[{"start":{"line":37,"column":36},"end":{"line":37,"column":102}}]},"5":{"type":"branch","line":38,"loc":{"start":{"line":38,"column":-1},"end":{"line":38,"column":46}},"locations":[{"start":{"line":38,"column":-1},"end":{"line":38,"column":46}}]},"6":{"type":"branch","line":39,"loc":{"start":{"line":39,"column":37},"end":{"line":39,"column":54}},"locations":[{"start":{"line":39,"column":37},"end":{"line":39,"column":54}}]},"7":{"type":"branch","line":39,"loc":{"start":{"line":39,"column":54},"end":{"line":39,"column":77}},"locations":[{"start":{"line":39,"column":54},"end":{"line":39,"column":77}}]},"8":{"type":"branch","line":39,"loc":{"start":{"line":39,"column":79},"end":{"line":41,"column":2}},"locations":[{"start":{"line":39,"column":79},"end":{"line":41,"column":2}}]},"9":{"type":"branch","line":42,"loc":{"start":{"line":42,"column":-1},"end":{"line":66,"column":1}},"locations":[{"start":{"line":42,"column":-1},"end":{"line":66,"column":1}}]},"10":{"type":"branch","line":43,"loc":{"start":{"line":43,"column":11},"end":{"line":55,"column":5}},"locations":[{"start":{"line":43,"column":11},"end":{"line":55,"column":5}}]},"11":{"type":"branch","line":56,"loc":{"start":{"line":56,"column":10},"end":{"line":64,"column":5}},"locations":[{"start":{"line":56,"column":10},"end":{"line":64,"column":5}}]},"12":{"type":"branch","line":68,"loc":{"start":{"line":68,"column":0},"end":{"line":107,"column":1}},"locations":[{"start":{"line":68,"column":0},"end":{"line":107,"column":1}}]},"13":{"type":"branch","line":76,"loc":{"start":{"line":76,"column":46},"end":{"line":76,"column":112}},"locations":[{"start":{"line":76,"column":46},"end":{"line":76,"column":112}}]},"14":{"type":"branch","line":77,"loc":{"start":{"line":77,"column":-1},"end":{"line":88,"column":56}},"locations":[{"start":{"line":77,"column":-1},"end":{"line":88,"column":56}}]},"15":{"type":"branch","line":88,"loc":{"start":{"line":88,"column":91},"end":{"line":88,"column":109}},"locations":[{"start":{"line":88,"column":91},"end":{"line":88,"column":109}}]},"16":{"type":"branch","line":89,"loc":{"start":{"line":89,"column":-1},"end":{"line":92,"column":10}},"locations":[{"start":{"line":89,"column":-1},"end":{"line":92,"column":10}}]},"17":{"type":"branch","line":92,"loc":{"start":{"line":92,"column":4},"end":{"line":94,"column":3}},"locations":[{"start":{"line":92,"column":4},"end":{"line":94,"column":3}}]},"18":{"type":"branch","line":95,"loc":{"start":{"line":95,"column":-1},"end":{"line":97,"column":10}},"locations":[{"start":{"line":95,"column":-1},"end":{"line":97,"column":10}}]},"19":{"type":"branch","line":97,"loc":{"start":{"line":97,"column":4},"end":{"line":99,"column":3}},"locations":[{"start":{"line":97,"column":4},"end":{"line":99,"column":3}}]},"20":{"type":"branch","line":100,"loc":{"start":{"line":100,"column":3},"end":{"line":104,"column":12}},"locations":[{"start":{"line":100,"column":3},"end":{"line":104,"column":12}}]},"21":{"type":"branch","line":104,"loc":{"start":{"line":104,"column":11},"end":{"line":106,"column":2}},"locations":[{"start":{"line":104,"column":11},"end":{"line":106,"column":2}}]},"22":{"type":"branch","line":109,"loc":{"start":{"line":109,"column":0},"end":{"line":128,"column":1}},"locations":[{"start":{"line":109,"column":0},"end":{"line":128,"column":1}}]},"23":{"type":"branch","line":113,"loc":{"start":{"line":113,"column":3},"end":{"line":115,"column":2}},"locations":[{"start":{"line":113,"column":3},"end":{"line":115,"column":2}}]},"24":{"type":"branch","line":122,"loc":{"start":{"line":122,"column":32},"end":{"line":122,"column":56}},"locations":[{"start":{"line":122,"column":32},"end":{"line":122,"column":56}}]},"25":{"type":"branch","line":122,"loc":{"start":{"line":122,"column":56},"end":{"line":122,"column":74}},"locations":[{"start":{"line":122,"column":56},"end":{"line":122,"column":74}}]},"26":{"type":"branch","line":122,"loc":{"start":{"line":122,"column":75},"end":{"line":123,"column":67}},"locations":[{"start":{"line":122,"column":75},"end":{"line":123,"column":67}}]},"27":{"type":"branch","line":123,"loc":{"start":{"line":123,"column":32},"end":{"line":123,"column":66}},"locations":[{"start":{"line":123,"column":32},"end":{"line":123,"column":66}}]},"28":{"type":"branch","line":124,"loc":{"start":{"line":124,"column":3},"end":{"line":126,"column":2}},"locations":[{"start":{"line":124,"column":3},"end":{"line":126,"column":2}}]},"29":{"type":"branch","line":127,"loc":{"start":{"line":127,"column":-1},"end":{"line":128,"column":1}},"locations":[{"start":{"line":127,"column":-1},"end":{"line":128,"column":1}}]},"30":{"type":"branch","line":130,"loc":{"start":{"line":130,"column":0},"end":{"line":134,"column":1}},"locations":[{"start":{"line":130,"column":0},"end":{"line":134,"column":1}}]},"31":{"type":"branch","line":136,"loc":{"start":{"line":136,"column":0},"end":{"line":161,"column":1}},"locations":[{"start":{"line":136,"column":0},"end":{"line":161,"column":1}}]},"32":{"type":"branch","line":138,"loc":{"start":{"line":138,"column":22},"end":{"line":138,"column":93}},"locations":[{"start":{"line":138,"column":22},"end":{"line":138,"column":93}}]},"33":{"type":"branch","line":138,"loc":{"start":{"line":138,"column":95},"end":{"line":138,"column":113}},"locations":[{"start":{"line":138,"column":95},"end":{"line":138,"column":113}}]},"34":{"type":"branch","line":139,"loc":{"start":{"line":139,"column":21},"end":{"line":139,"column":39}},"locations":[{"start":{"line":139,"column":21},"end":{"line":139,"column":39}}]},"35":{"type":"branch","line":143,"loc":{"start":{"line":143,"column":14},"end":{"line":153,"column":2}},"locations":[{"start":{"line":143,"column":14},"end":{"line":153,"column":2}}]},"36":{"type":"branch","line":145,"loc":{"start":{"line":145,"column":12},"end":{"line":146,"column":23}},"locations":[{"start":{"line":145,"column":12},"end":{"line":146,"column":23}}]},"37":{"type":"branch","line":146,"loc":{"start":{"line":146,"column":14},"end":{"line":146,"column":23}},"locations":[{"start":{"line":146,"column":14},"end":{"line":146,"column":23}}]},"38":{"type":"branch","line":147,"loc":{"start":{"line":147,"column":-1},"end":{"line":148,"column":34}},"locations":[{"start":{"line":147,"column":-1},"end":{"line":148,"column":34}}]},"39":{"type":"branch","line":148,"loc":{"start":{"line":148,"column":34},"end":{"line":151,"column":3}},"locations":[{"start":{"line":148,"column":34},"end":{"line":151,"column":3}}]},"40":{"type":"branch","line":152,"loc":{"start":{"line":152,"column":-1},"end":{"line":153,"column":2}},"locations":[{"start":{"line":152,"column":-1},"end":{"line":153,"column":2}}]}},"b":{"0":[2],"1":[2],"2":[3],"3":[1],"4":[0],"5":[2],"6":[2],"7":[2],"8":[0],"9":[2],"10":[2],"11":[1],"12":[3],"13":[1],"14":[2],"15":[0],"16":[2],"17":[0],"18":[2],"19":[0],"20":[0],"21":[2],"22":[3],"23":[0],"24":[2],"25":[1],"26":[2],"27":[1],"28":[1],"29":[2],"30":[3],"31":[2],"32":[0],"33":[0],"34":[0],"35":[4],"36":[2],"37":[0],"38":[2],"39":[0],"40":[2]},"fnMap":{"0":{"name":"<instance_members_initializer>","decl":{"start":{"line":22,"column":57},"end":{"line":27,"column":1}},"loc":{"start":{"line":22,"column":57},"end":{"line":27,"column":1}},"line":22},"1":{"name":"CealPersonalClientSessionError","decl":{"start":{"line":24,"column":1},"end":{"line":26,"column":2}},"loc":{"start":{"line":24,"column":1},"end":{"line":26,"column":2}},"line":24},"2":{"name":"createCealPersonalClientSessionClient","decl":{"start":{"line":32,"column":6},"end":{"line":66,"column":1}},"loc":{"start":{"line":32,"column":6},"end":{"line":66,"column":1}},"line":32},"3":{"name":"refresh","decl":{"start":{"line":43,"column":11},"end":{"line":55,"column":5}},"loc":{"start":{"line":43,"column":11},"end":{"line":55,"column":5}},"line":43},"4":{"name":"revoke","decl":{"start":{"line":56,"column":10},"end":{"line":64,"column":5}},"loc":{"start":{"line":56,"column":10},"end":{"line":64,"column":5}},"line":56},"5":{"name":"requestSession","decl":{"start":{"line":68,"column":0},"end":{"line":107,"column":1}},"loc":{"start":{"line":68,"column":0},"end":{"line":107,"column":1}},"line":68},"6":{"name":"safeEndpoint","decl":{"start":{"line":109,"column":0},"end":{"line":128,"column":1}},"loc":{"start":{"line":109,"column":0},"end":{"line":128,"column":1}},"line":109},"7":{"name":"childEndpoint","decl":{"start":{"line":130,"column":0},"end":{"line":134,"column":1}},"loc":{"start":{"line":130,"column":0},"end":{"line":134,"column":1}},"line":130},"8":{"name":"readBounded","decl":{"start":{"line":136,"column":0},"end":{"line":161,"column":1}},"loc":{"start":{"line":136,"column":0},"end":{"line":161,"column":1}},"line":136},"9":{"name":"invalidResponse","decl":{"start":{"line":163,"column":0},"end":{"line":165,"column":1}},"loc":{"start":{"line":163,"column":0},"end":{"line":165,"column":1}},"line":163}},"f":{"0":2,"1":2,"2":3,"3":2,"4":1,"5":3,"6":3,"7":3,"8":2,"9":0}}
}
